<?xml version="1.0" encoding="UTF-8"?>
<testsuite name="com.bouff.oids.validator.OidValidatorTest" tests="2" skipped="0" failures="0" errors="0" timestamp="2022-08-05T18:29:08" hostname="MacBook-Pro.local" time="0.001">
  <properties/>
  <testcase name="testValid" classname="com.bouff.oids.validator.OidValidatorTest" time="0.0"/>
  <testcase name="testInvalid" classname="com.bouff.oids.validator.OidValidatorTest" time="0.0"/>
  <system-out><![CDATA[]]></system-out>
  <system-err><![CDATA[]]></system-err>
</testsuite>
